2014-01-08 00:44:38.545 Kosamart[10107:c07] Multi-tasking -> Device: YES, App: YES
2014-01-08 00:44:38.551 Kosamart[10107:c07] Unlimited access to network resources
2014-01-08 00:44:38.583 Kosamart[10107:c07] Resetting plugins due to page load.
2014-01-08 00:44:38.622 Kosamart[10107:c07] Finished load of: file:///Users/kweonkidong/Library/Application%20Support/iPhone%20Simulator/6.1/Applications/FCBB1FAE-FD9A-4B08-9BF4-117D86734617/Kosamart.app/www/index.html
2014-01-08 00:44:41.621 Kosamart[10107:c07] Resetting plugins due to page load.
2014-01-08 00:44:42.587 Kosamart[10107:c07] Finished load of: http://192.168.0.103:3000/login
2014-01-08 11:37:48.438 Kosamart[10107:c07] CDVWebViewDelegate: Navigation started when state=1
2014-01-08 11:37:48.440 Kosamart[10107:c07] Failed to load webpage with error: CDVWebViewDelegate: Navigation started when state=1
2014-01-11 21:31:30.970 Kosamart[48060:c07] Multi-tasking -> Device: YES, App: YES
2014-01-11 21:31:30.984 Kosamart[48060:c07] Unlimited access to network resources
2014-01-11 21:31:31.023 Kosamart[48060:c07] Resetting plugins due to page load.
2014-01-11 21:31:31.080 Kosamart[48060:c07] Finished load of: file:///Users/kweonkidong/Library/Application%20Support/iPhone%20Simulator/6.1/Applications/FCBB1FAE-FD9A-4B08-9BF4-117D86734617/Kosamart.app/www/index.html
2014-01-11 21:31:34.068 Kosamart[48060:c07] Resetting plugins due to page load.
2014-01-11 21:31:35.269 Kosamart[48060:c07] Finished load of: http://192.168.0.103:3000/login
2014-01-11 21:42:17.937 Kosamart[48666:c07] Multi-tasking -> Device: YES, App: YES
2014-01-11 21:42:17.943 Kosamart[48666:c07] Unlimited access to network resources
2014-01-11 21:42:17.965 Kosamart[48666:c07] Resetting plugins due to page load.
2014-01-11 21:42:18.002 Kosamart[48666:c07] Finished load of: file:///Users/kweonkidong/Library/Application%20Support/iPhone%20Simulator/6.1/Applications/FCBB1FAE-FD9A-4B08-9BF4-117D86734617/Kosamart.app/www/index.html
2014-01-11 21:42:20.996 Kosamart[48666:c07] Resetting plugins due to page load.
2014-01-11 21:42:22.099 Kosamart[48666:c07] Finished load of: http://192.168.0.103:3000/login
2014-01-11 21:43:22.011 Kosamart[49238:c07] Multi-tasking -> Device: YES, App: YES
2014-01-11 21:43:22.017 Kosamart[49238:c07] Unlimited access to network resources
2014-01-11 21:43:22.043 Kosamart[49238:c07] Resetting plugins due to page load.
2014-01-11 21:43:22.079 Kosamart[49238:c07] Finished load of: file:///Users/kweonkidong/Library/Application%20Support/iPhone%20Simulator/6.1/Applications/FCBB1FAE-FD9A-4B08-9BF4-117D86734617/Kosamart.app/www/index.html
2014-01-11 21:43:25.073 Kosamart[49238:c07] Resetting plugins due to page load.
2014-01-11 21:43:26.175 Kosamart[49238:c07] Finished load of: http://192.168.0.103:3000/login
2014-01-11 21:48:52.562 Kosamart[49845:c07] Multi-tasking -> Device: YES, App: YES
2014-01-11 21:48:52.568 Kosamart[49845:c07] Unlimited access to network resources
2014-01-11 21:48:52.590 Kosamart[49845:c07] Resetting plugins due to page load.
2014-01-11 21:48:52.627 Kosamart[49845:c07] Finished load of: file:///Users/kweonkidong/Library/Application%20Support/iPhone%20Simulator/6.1/Applications/FCBB1FAE-FD9A-4B08-9BF4-117D86734617/Kosamart.app/www/index.html
2014-01-11 21:48:55.619 Kosamart[49845:c07] Resetting plugins due to page load.
2014-01-11 21:48:56.651 Kosamart[49845:c07] Finished load of: http://192.168.0.103:3000/login
2014-01-11 21:51:20.073 Kosamart[50186:c07] Multi-tasking -> Device: YES, App: YES
2014-01-11 21:51:20.078 Kosamart[50186:c07] Unlimited access to network resources
2014-01-11 21:51:20.100 Kosamart[50186:c07] Resetting plugins due to page load.
2014-01-11 21:51:20.139 Kosamart[50186:c07] Finished load of: file:///Users/kweonkidong/Library/Application%20Support/iPhone%20Simulator/6.1/Applications/FCBB1FAE-FD9A-4B08-9BF4-117D86734617/Kosamart.app/www/index.html
2014-01-11 21:51:23.133 Kosamart[50186:c07] Resetting plugins due to page load.
2014-01-11 21:51:24.100 Kosamart[50186:c07] Finished load of: http://192.168.0.103:3000/login
2014-01-15 02:46:49.545 Kosamart[80703:c07] Multi-tasking -> Device: YES, App: YES
2014-01-15 02:46:49.584 Kosamart[80703:c07] Unlimited access to network resources
2014-01-15 02:46:49.621 Kosamart[80703:c07] [CDVTimer][splashscreen] 8.096993ms
2014-01-15 02:46:49.621 Kosamart[80703:c07] [CDVTimer][TotalPluginStartup] 8.445024ms
2014-01-15 02:46:49.639 Kosamart[80703:c07] Resetting plugins due to page load.
2014-01-15 02:46:49.732 Kosamart[80703:c07] Finished load of: file:///Users/kweonkidong/Library/Application%20Support/iPhone%20Simulator/6.1/Applications/FCBB1FAE-FD9A-4B08-9BF4-117D86734617/Kosamart.app/www/index.html
2014-01-15 02:47:38.603 Kosamart[80703:c07] Resetting plugins due to page load.
2014-01-15 02:47:39.809 Kosamart[80703:c07] Finished load of: file:///Users/kweonkidong/Library/Application%20Support/iPhone%20Simulator/6.1/Applications/FCBB1FAE-FD9A-4B08-9BF4-117D86734617/Kosamart.app/www/kosa.html
2014-01-15 03:43:09.308 Kosamart[82087:c07] Multi-tasking -> Device: YES, App: YES
2014-01-15 03:43:09.313 Kosamart[82087:c07] Unlimited access to network resources
2014-01-15 03:43:09.326 Kosamart[82087:c07] [CDVTimer][splashscreen] 4.190028ms
2014-01-15 03:43:09.326 Kosamart[82087:c07] [CDVTimer][TotalPluginStartup] 4.611015ms
2014-01-15 03:43:09.342 Kosamart[82087:c07] Resetting plugins due to page load.
2014-01-15 03:43:09.388 Kosamart[82087:c07] Finished load of: file:///Users/kweonkidong/Library/Application%20Support/iPhone%20Simulator/6.1/Applications/FCBB1FAE-FD9A-4B08-9BF4-117D86734617/Kosamart.app/www/index.html
2014-01-15 03:55:08.630 Kosamart[82087:c07] Resetting plugins due to page load.
2014-01-15 03:55:09.780 Kosamart[82087:c07] Finished load of: file:///Users/kweonkidong/Library/Application%20Support/iPhone%20Simulator/6.1/Applications/FCBB1FAE-FD9A-4B08-9BF4-117D86734617/Kosamart.app/www/kosa.html
2014-01-15 03:58:18.680 Kosamart[83235:c07] Multi-tasking -> Device: YES, App: YES
2014-01-15 03:58:18.685 Kosamart[83235:c07] Unlimited access to network resources
2014-01-15 03:58:18.698 Kosamart[83235:c07] [CDVTimer][splashscreen] 4.135013ms
2014-01-15 03:58:18.698 Kosamart[83235:c07] [CDVTimer][TotalPluginStartup] 4.472971ms
2014-01-15 03:58:18.713 Kosamart[83235:c07] Resetting plugins due to page load.
2014-01-15 03:58:18.759 Kosamart[83235:c07] Finished load of: file:///Users/kweonkidong/Library/Application%20Support/iPhone%20Simulator/6.1/Applications/FCBB1FAE-FD9A-4B08-9BF4-117D86734617/Kosamart.app/www/index.html
2014-01-15 04:00:29.490 Kosamart[84106:c07] Multi-tasking -> Device: YES, App: YES
2014-01-15 04:00:29.495 Kosamart[84106:c07] Unlimited access to network resources
2014-01-15 04:00:29.508 Kosamart[84106:c07] [CDVTimer][splashscreen] 3.992021ms
2014-01-15 04:00:29.508 Kosamart[84106:c07] [CDVTimer][TotalPluginStartup] 4.482031ms
2014-01-15 04:00:29.524 Kosamart[84106:c07] Resetting plugins due to page load.
2014-01-15 04:00:29.570 Kosamart[84106:c07] Finished load of: file:///Users/kweonkidong/Library/Application%20Support/iPhone%20Simulator/6.1/Applications/FCBB1FAE-FD9A-4B08-9BF4-117D86734617/Kosamart.app/www/index.html
2014-01-15 04:15:20.900 Kosamart[85117:a0b] Multi-tasking -> Device: YES, App: YES
2014-01-15 04:15:20.907 Kosamart[85117:a0b] Unlimited access to network resources
2014-01-15 04:15:20.950 Kosamart[85117:a0b] [CDVTimer][splashscreen] 17.944992ms
2014-01-15 04:15:20.951 Kosamart[85117:a0b] [CDVTimer][TotalPluginStartup] 18.530011ms
2014-01-15 04:15:21.047 Kosamart[85117:a0b] Resetting plugins due to page load.
2014-01-15 04:15:21.108 Kosamart[85117:a0b] Finished load of: file:///Users/kweonkidong/Library/Application%20Support/iPhone%20Simulator/7.0.3/Applications/70284662-586F-4E52-9C32-8C81ABDCD605/Kosamart.app/www/index.html
2014-01-15 04:16:52.888 Kosamart[85895:c07] Multi-tasking -> Device: YES, App: YES
2014-01-15 04:16:52.914 Kosamart[85895:c07] Unlimited access to network resources
2014-01-15 04:16:53.072 Kosamart[85895:c07] [CDVTimer][splashscreen] 103.398025ms
2014-01-15 04:16:53.073 Kosamart[85895:c07] [CDVTimer][TotalPluginStartup] 103.736043ms
2014-01-15 04:16:53.145 Kosamart[85895:c07] Resetting plugins due to page load.
2014-01-15 04:16:53.249 Kosamart[85895:c07] Finished load of: file:///Users/kweonkidong/Library/Application%20Support/iPhone%20Simulator/6.0/Applications/5E52D7EF-9FA7-4544-8E78-63E6911E035A/Kosamart.app/www/index.html
2014-01-15 04:17:46.179 Kosamart[86671:a0b] Multi-tasking -> Device: YES, App: YES
2014-01-15 04:17:46.188 Kosamart[86671:a0b] Unlimited access to network resources
2014-01-15 04:17:46.216 Kosamart[86671:a0b] [CDVTimer][splashscreen] 6.165981ms
2014-01-15 04:17:46.216 Kosamart[86671:a0b] [CDVTimer][TotalPluginStartup] 6.731033ms
2014-01-15 04:17:46.294 Kosamart[86671:a0b] Resetting plugins due to page load.
2014-01-15 04:17:46.335 Kosamart[86671:a0b] Finished load of: file:///Users/kweonkidong/Library/Application%20Support/iPhone%20Simulator/7.0.3/Applications/70284662-586F-4E52-9C32-8C81ABDCD605/Kosamart.app/www/index.html
2014-01-15 04:18:14.206 Kosamart[86671:a0b] Received memory warning.
2014-01-15 04:28:35.480 Kosamart[87801:c07] Multi-tasking -> Device: YES, App: YES
2014-01-15 04:28:35.486 Kosamart[87801:c07] Unlimited access to network resources
2014-01-15 04:28:35.506 Kosamart[87801:c07] [CDVTimer][splashscreen] 4.096031ms
2014-01-15 04:28:35.506 Kosamart[87801:c07] [CDVTimer][TotalPluginStartup] 4.831016ms
2014-01-15 04:28:35.532 Kosamart[87801:c07] Resetting plugins due to page load.
2014-01-15 04:28:35.581 Kosamart[87801:c07] Finished load of: file:///Users/kweonkidong/Library/Application%20Support/iPhone%20Simulator/6.1/Applications/FCBB1FAE-FD9A-4B08-9BF4-117D86734617/Kosamart.app/www/index.html
2014-01-15 04:28:36.609 Kosamart[87801:c07] Resetting plugins due to page load.
2014-01-15 04:28:37.731 Kosamart[87801:c07] Finished load of: http://192.168.0.103:3000/
2014-01-15 04:42:09.008 Kosamart[89137:c07] Multi-tasking -> Device: YES, App: YES
2014-01-15 04:42:09.014 Kosamart[89137:c07] Unlimited access to network resources
2014-01-15 04:42:09.027 Kosamart[89137:c07] [CDVTimer][splashscreen] 4.073024ms
2014-01-15 04:42:09.027 Kosamart[89137:c07] [CDVTimer][TotalPluginStartup] 4.550993ms
2014-01-15 04:42:09.043 Kosamart[89137:c07] Resetting plugins due to page load.
2014-01-15 04:42:09.087 Kosamart[89137:c07] Finished load of: file:///Users/kweonkidong/Library/Application%20Support/iPhone%20Simulator/6.1/Applications/FCBB1FAE-FD9A-4B08-9BF4-117D86734617/Kosamart.app/www/index.html
2014-01-15 04:42:09.115 Kosamart[89137:c07] Received Event: deviceready
2014-01-15 04:42:09.116 Kosamart[89137:c07] aaaa
2014-01-15 04:42:10.116 Kosamart[89137:c07] Resetting plugins due to page load.
2014-01-15 04:42:11.416 Kosamart[89137:c07] Finished load of: http://192.168.0.103:3000/
2014-01-15 04:44:50.099 Kosamart[90275:c07] Multi-tasking -> Device: YES, App: YES
2014-01-15 04:44:50.105 Kosamart[90275:c07] Unlimited access to network resources
2014-01-15 04:44:50.118 Kosamart[90275:c07] [CDVTimer][splashscreen] 4.127979ms
2014-01-15 04:44:50.118 Kosamart[90275:c07] [CDVTimer][TotalPluginStartup] 4.481018ms
2014-01-15 04:44:50.133 Kosamart[90275:c07] Resetting plugins due to page load.
2014-01-15 04:44:50.177 Kosamart[90275:c07] Finished load of: file:///Users/kweonkidong/Library/Application%20Support/iPhone%20Simulator/6.1/Applications/FCBB1FAE-FD9A-4B08-9BF4-117D86734617/Kosamart.app/www/index.html
2014-01-15 04:44:50.206 Kosamart[90275:c07] Received Event: deviceready
2014-01-15 04:44:50.209 Kosamart[90275:c07] checkUser
2014-01-15 04:44:50.210 Kosamart[90275:c07] {"code":1}
2014-01-15 04:44:50.212 Kosamart[90275:c07] 신규유저
2014-01-15 04:44:50.214 Kosamart[90275:c07] 주소록
2014-01-15 05:47:27.973 Kosamart[2541:c07] Multi-tasking -> Device: YES, App: YES
2014-01-15 05:47:27.978 Kosamart[2541:c07] Unlimited access to network resources
2014-01-15 05:47:27.991 Kosamart[2541:c07] [CDVTimer][splashscreen] 4.078984ms
2014-01-15 05:47:27.991 Kosamart[2541:c07] [CDVTimer][TotalPluginStartup] 4.438996ms
2014-01-15 05:47:28.007 Kosamart[2541:c07] Resetting plugins due to page load.
2014-01-15 05:47:28.051 Kosamart[2541:c07] Finished load of: file:///Users/kweonkidong/Library/Application%20Support/iPhone%20Simulator/6.1/Applications/FCBB1FAE-FD9A-4B08-9BF4-117D86734617/Kosamart.app/www/index.html
2014-01-15 05:47:28.080 Kosamart[2541:c07] Received Event: deviceready
2014-01-15 05:47:28.084 Kosamart[2541:c07] checkUser
2014-01-15 05:47:28.085 Kosamart[2541:c07] {"code":1}
2014-01-15 05:47:28.086 Kosamart[2541:c07] 신규유저
2014-01-15 05:47:28.094 Kosamart[2541:c07] 0
2014-01-15 05:47:28.096 Kosamart[2541:c07] []
2014-01-15 05:47:28.097 Kosamart[2541:c07] {"updatetime":1390337248096,"address":[]}
2014-01-15 05:47:29.098 Kosamart[2541:c07] Resetting plugins due to page load.
2014-01-15 05:47:30.108 Kosamart[2541:c07] Finished load of: http://192.168.0.103:3000/login
2014-01-15 05:52:25.519 Kosamart[3322:c07] Multi-tasking -> Device: YES, App: YES
2014-01-15 05:52:25.525 Kosamart[3322:c07] Unlimited access to network resources
2014-01-15 05:52:25.538 Kosamart[3322:c07] [CDVTimer][splashscreen] 3.978968ms
2014-01-15 05:52:25.538 Kosamart[3322:c07] [CDVTimer][TotalPluginStartup] 4.379988ms
2014-01-15 05:52:25.553 Kosamart[3322:c07] Resetting plugins due to page load.
2014-01-15 05:52:25.597 Kosamart[3322:c07] Finished load of: file:///Users/kweonkidong/Library/Application%20Support/iPhone%20Simulator/6.1/Applications/FCBB1FAE-FD9A-4B08-9BF4-117D86734617/Kosamart.app/www/index.html
2014-01-15 05:52:25.625 Kosamart[3322:c07] Received Event: deviceready
2014-01-15 05:52:25.629 Kosamart[3322:c07] checkUser
2014-01-15 05:52:25.630 Kosamart[3322:c07] {"code":1}
2014-01-15 05:52:25.633 Kosamart[3322:c07] 신규유저
2014-01-15 05:52:25.640 Kosamart[3322:c07] 0
2014-01-15 05:52:25.642 Kosamart[3322:c07] []
2014-01-15 05:52:25.643 Kosamart[3322:c07] {"updatetime":1390337545642,"address":[]}
2014-01-15 05:52:25.643 Kosamart[3322:c07] aa
2014-01-15 05:52:26.644 Kosamart[3322:c07] Resetting plugins due to page load.
2014-01-15 05:52:27.890 Kosamart[3322:c07] Finished load of: http://192.168.0.103:3000/login
2014-01-15 05:54:40.459 Kosamart[3322:c07] CDVWebViewDelegate: Navigation started when state=1
2014-01-15 05:54:40.459 Kosamart[3322:c07] Failed to load webpage with error: CDVWebViewDelegate: Navigation started when state=1
2014-01-15 05:54:56.494 Kosamart[3322:c07] CDVWebViewDelegate: Navigation started when state=1
2014-01-15 05:54:56.494 Kosamart[3322:c07] Failed to load webpage with error: CDVWebViewDelegate: Navigation started when state=1
2014-01-15 05:55:01.064 Kosamart[3322:c07] CDVWebViewDelegate: Navigation started when state=1
2014-01-15 05:55:01.064 Kosamart[3322:c07] Failed to load webpage with error: CDVWebViewDelegate: Navigation started when state=1
2014-01-15 05:55:05.121 Kosamart[3322:c07] CDVWebViewDelegate: Navigation started when state=1
2014-01-15 05:55:05.121 Kosamart[3322:c07] Failed to load webpage with error: CDVWebViewDelegate: Navigation started when state=1
2014-01-15 05:58:32.961 Kosamart[4450:c07] Multi-tasking -> Device: YES, App: YES
2014-01-15 05:58:32.966 Kosamart[4450:c07] Unlimited access to network resources
2014-01-15 05:58:32.979 Kosamart[4450:c07] [CDVTimer][splashscreen] 4.094005ms
2014-01-15 05:58:32.980 Kosamart[4450:c07] [CDVTimer][TotalPluginStartup] 4.523039ms
2014-01-15 05:58:32.995 Kosamart[4450:c07] Resetting plugins due to page load.
2014-01-15 05:58:33.071 Kosamart[4450:c07] Received Event: deviceready
2014-01-15 05:58:33.075 Kosamart[4450:c07] checkUser
2014-01-15 05:58:33.075 Kosamart[4450:c07] {"code":1}
2014-01-15 05:58:33.077 Kosamart[4450:c07] 신규유저
2014-01-15 05:58:33.084 Kosamart[4450:c07] 0
2014-01-15 05:58:33.086 Kosamart[4450:c07] []
2014-01-15 05:58:33.088 Kosamart[4450:c07] {"updatetime":1390337913086,"address":[]}
2014-01-15 05:58:34.649 Kosamart[4450:c07] Finished load of: file:///Users/kweonkidong/Library/Application%20Support/iPhone%20Simulator/6.1/Applications/FCBB1FAE-FD9A-4B08-9BF4-117D86734617/Kosamart.app/www/index.html
2014-01-16 19:26:34.202 Kosamart[24597:c07] Multi-tasking -> Device: YES, App: YES
2014-01-16 19:26:34.251 Kosamart[24597:c07] Unlimited access to network resources
2014-01-16 19:26:34.389 Kosamart[24597:c07] [CDVTimer][splashscreen] 36.733985ms
2014-01-16 19:26:34.390 Kosamart[24597:c07] [CDVTimer][TotalPluginStartup] 37.225008ms
2014-01-16 19:26:34.414 Kosamart[24597:c07] Resetting plugins due to page load.
2014-01-16 19:26:38.511 Kosamart[24597:c07] Finished load of: file:///Users/kweonkidong/Library/Application%20Support/iPhone%20Simulator/6.1/Applications/FCBB1FAE-FD9A-4B08-9BF4-117D86734617/Kosamart.app/www/index.html
2014-01-16 19:33:50.748 Kosamart[25388:c07] Multi-tasking -> Device: YES, App: YES
2014-01-16 19:33:50.753 Kosamart[25388:c07] Unlimited access to network resources
2014-01-16 19:33:50.766 Kosamart[25388:c07] [CDVTimer][splashscreen] 4.087031ms
2014-01-16 19:33:50.767 Kosamart[25388:c07] [CDVTimer][TotalPluginStartup] 4.433990ms
2014-01-16 19:33:50.782 Kosamart[25388:c07] Resetting plugins due to page load.
2014-01-16 19:33:51.810 Kosamart[25388:c07] Finished load of: file:///Users/kweonkidong/Library/Application%20Support/iPhone%20Simulator/6.1/Applications/FCBB1FAE-FD9A-4B08-9BF4-117D86734617/Kosamart.app/www/index.html
2014-01-16 19:36:35.875 Kosamart[26382:c07] Multi-tasking -> Device: YES, App: YES
2014-01-16 19:36:35.881 Kosamart[26382:c07] Unlimited access to network resources
2014-01-16 19:36:35.893 Kosamart[26382:c07] [CDVTimer][splashscreen] 3.959000ms
2014-01-16 19:36:35.894 Kosamart[26382:c07] [CDVTimer][TotalPluginStartup] 4.552007ms
2014-01-16 19:36:35.909 Kosamart[26382:c07] Resetting plugins due to page load.
2014-01-16 19:36:36.959 Kosamart[26382:c07] Finished load of: file:///Users/kweonkidong/Library/Application%20Support/iPhone%20Simulator/6.1/Applications/FCBB1FAE-FD9A-4B08-9BF4-117D86734617/Kosamart.app/www/index.html
2014-01-17 04:32:19.986 Kosamart[33695:c07] Multi-tasking -> Device: YES, App: YES
2014-01-17 04:32:19.997 Kosamart[33695:c07] Unlimited access to network resources
2014-01-17 04:32:20.037 Kosamart[33695:c07] [CDVTimer][splashscreen] 11.718988ms
2014-01-17 04:32:20.037 Kosamart[33695:c07] [CDVTimer][TotalPluginStartup] 12.184978ms
2014-01-17 04:32:20.055 Kosamart[33695:c07] Resetting plugins due to page load.
2014-01-17 04:32:20.513 Kosamart[33695:c07] Finished load of: file:///Users/kweonkidong/Library/Application%20Support/iPhone%20Simulator/6.1/Applications/FCBB1FAE-FD9A-4B08-9BF4-117D86734617/Kosamart.app/www/index.html
2014-01-17 04:32:20.518 Kosamart[33695:c07] Received Event: deviceready
2014-01-17 04:32:20.522 Kosamart[33695:c07] checkUser
2014-01-17 04:32:20.522 Kosamart[33695:c07] {"code":1}
2014-01-17 04:32:20.524 Kosamart[33695:c07] 신규유저
2014-01-17 04:32:20.534 Kosamart[33695:c07] 0
2014-01-17 04:32:21.545 Kosamart[33695:c07] Resetting plugins due to page load.
2014-01-17 04:32:22.177 Kosamart[33695:c07] http://192.168.0.103:3000/
2014-01-17 04:32:24.547 Kosamart[33695:c07] Finished load of: file:///Users/kweonkidong/Library/Application%20Support/iPhone%20Simulator/6.1/Applications/FCBB1FAE-FD9A-4B08-9BF4-117D86734617/Kosamart.app/www/kosamart.html#/
2014-01-17 04:36:21.554 Kosamart[34473:c07] Multi-tasking -> Device: YES, App: YES
2014-01-17 04:36:21.559 Kosamart[34473:c07] Unlimited access to network resources
2014-01-17 04:36:21.572 Kosamart[34473:c07] [CDVTimer][splashscreen] 4.045010ms
2014-01-17 04:36:21.573 Kosamart[34473:c07] [CDVTimer][TotalPluginStartup] 4.453003ms
2014-01-17 04:36:21.588 Kosamart[34473:c07] Resetting plugins due to page load.
2014-01-17 04:36:22.035 Kosamart[34473:c07] Finished load of: file:///Users/kweonkidong/Library/Application%20Support/iPhone%20Simulator/6.1/Applications/FCBB1FAE-FD9A-4B08-9BF4-117D86734617/Kosamart.app/www/index.html
2014-01-17 04:36:22.040 Kosamart[34473:c07] Received Event: deviceready
2014-01-17 04:36:22.044 Kosamart[34473:c07] checkUser
2014-01-17 04:36:22.045 Kosamart[34473:c07] {"code":1}
2014-01-17 04:36:22.046 Kosamart[34473:c07] 신규유저
2014-01-17 04:36:22.054 Kosamart[34473:c07] 0
2014-01-17 04:36:23.063 Kosamart[34473:c07] Resetting plugins due to page load.
2014-01-17 04:36:23.550 Kosamart[34473:c07] http://192.168.0.103:3000/
2014-01-17 04:36:23.907 Kosamart[34473:c07] Finished load of: file:///Users/kweonkidong/Library/Application%20Support/iPhone%20Simulator/6.1/Applications/FCBB1FAE-FD9A-4B08-9BF4-117D86734617/Kosamart.app/www/kosamart.html#/
2014-01-17 15:39:19.155 Kosamart[42118:c07] Multi-tasking -> Device: YES, App: YES
2014-01-17 15:39:19.160 Kosamart[42118:c07] Unlimited access to network resources
2014-01-17 15:39:19.173 Kosamart[42118:c07] [CDVTimer][splashscreen] 3.980994ms
2014-01-17 15:39:19.173 Kosamart[42118:c07] [CDVTimer][TotalPluginStartup] 4.477024ms
2014-01-17 15:39:19.188 Kosamart[42118:c07] Resetting plugins due to page load.
2014-01-17 15:39:19.648 Kosamart[42118:c07] Finished load of: file:///Users/kweonkidong/Library/Application%20Support/iPhone%20Simulator/6.1/Applications/FCBB1FAE-FD9A-4B08-9BF4-117D86734617/Kosamart.app/www/index.html
2014-01-17 15:39:19.654 Kosamart[42118:c07] Received Event: deviceready
2014-01-17 15:39:19.657 Kosamart[42118:c07] checkUser
2014-01-17 15:39:19.658 Kosamart[42118:c07] {"code":1}
2014-01-17 15:39:19.659 Kosamart[42118:c07] 신규유저
2014-01-17 15:39:19.667 Kosamart[42118:c07] 0
2014-01-17 15:39:20.821 Kosamart[42118:c07] Resetting plugins due to page load.
2014-01-17 15:39:21.455 Kosamart[42118:c07] http://54.199.141.113:3000/
2014-01-17 15:39:21.573 Kosamart[42118:c07] Finished load of: file:///Users/kweonkidong/Library/Application%20Support/iPhone%20Simulator/6.1/Applications/FCBB1FAE-FD9A-4B08-9BF4-117D86734617/Kosamart.app/www/kosamart.html
